Log file open, 02/27/19 14:13:33
LogWindows: Failed to load 'aqProf.dll' (GetLastError=126)
LogWindows: File 'aqProf.dll' does not exist
LogWindows: Failed to load 'VtuneApi.dll' (GetLastError=126)
LogWindows: File 'VtuneApi.dll' does not exist
LogWindows: Failed to load 'VtuneApi32e.dll' (GetLastError=126)
LogWindows: File 'VtuneApi32e.dll' does not exist
LogConsoleResponse: Display: Failed to find resolution value strings in scalability ini. Falling back to default.
LogInit: Display: Running engine for game: Twaliens
LogPakFile: Registered encryption key '00000000000000000000000000000000': 0 pak files mounted, 0 remain pending
LogPlatformFile: Not using cached read wrapper
LogTaskGraph: Started task graph with 5 named threads and 23 total threads with 3 sets of task threads.
LogStats: Stats thread started at 0.822030
LogD3D11RHI: Loaded GFSDK_Aftermath_Lib.x64.dll
LogICUInternationalization: ICU TimeZone Detection - Raw Offset: +1:00, Platform Override: ''
LogPluginManager: Mounting plugin Paper2D
LogPluginManager: Mounting plugin AISupport
LogPluginManager: Mounting plugin LightPropagationVolume
LogPluginManager: Mounting plugin ActorLayerUtilities
LogPluginManager: Mounting plugin CLionSourceCodeAccess
LogPluginManager: Mounting plugin CodeLiteSourceCodeAccess
LogPluginManager: Mounting plugin GitSourceControl
LogPluginManager: Mounting plugin KDevelopSourceCodeAccess
LogPluginManager: Mounting plugin NullSourceCodeAccess
LogPluginManager: Mounting plugin PerforceSourceControl
LogPluginManager: Mounting plugin SubversionSourceControl
LogPluginManager: Mounting plugin UObjectPlugin
LogPluginManager: Mounting plugin VisualStudioCodeSourceCodeAccess
LogPluginManager: Mounting plugin VisualStudioSourceCodeAccess
LogPluginManager: Mounting plugin XCodeSourceCodeAccess
LogPluginManager: Mounting plugin AssetManagerEditor
LogPluginManager: Mounting plugin CryptoKeys
LogPluginManager: Mounting plugin DataValidation
LogPluginManager: Mounting plugin FacialAnimation
LogPluginManager: Mounting plugin GameplayTagsEditor
LogPluginManager: Mounting plugin MacGraphicsSwitching
LogPluginManager: Mounting plugin MeshEditor
LogPluginManager: Mounting plugin MobileLauncherProfileWizard
LogPluginManager: Mounting plugin PluginBrowser
LogPluginManager: Mounting plugin SpeedTreeImporter
LogPluginManager: Mounting plugin DatasmithContent
LogPluginManager: Mounting plugin VariantManagerContent
LogPluginManager: Mounting plugin AlembicImporter
LogPluginManager: Mounting plugin AppleImageUtils
LogPluginManager: Mounting plugin AppleVision
LogPluginManager: Mounting plugin BackChannel
LogPluginManager: Mounting plugin CharacterAI
LogPluginManager: Mounting plugin GeometryCache
LogPluginManager: Mounting plugin HTML5Networking
LogPluginManager: Mounting plugin ProxyLODPlugin
LogPluginManager: Mounting plugin MagicLeap
LogPluginManager: Mounting plugin MagicLeapMedia
LogPluginManager: Mounting plugin AndroidMedia
LogPluginManager: Mounting plugin AvfMedia
LogPluginManager: Mounting plugin ImgMedia
LogPluginManager: Mounting plugin LinearTimecode
LogPluginManager: Mounting plugin MediaCompositing
LogPluginManager: Mounting plugin MediaPlayerEditor
LogPluginManager: Mounting plugin WebMMedia
LogPluginManager: Mounting plugin WmfMedia
LogPluginManager: Mounting plugin TcpMessaging
LogPluginManager: Mounting plugin UdpMessaging
LogPluginManager: Mounting plugin ActorSequence
LogPluginManager: Mounting plugin LevelSequenceEditor
LogPluginManager: Mounting plugin MatineeToLevelSequence
LogPluginManager: Mounting plugin NetcodeUnitTest
LogPluginManager: Mounting plugin NUTUnrealEngine4
LogPluginManager: Mounting plugin OnlineSubsystemGooglePlay
LogPluginManager: Mounting plugin OnlineSubsystemIOS
LogPluginManager: Mounting plugin OnlineSubsystem
LogPluginManager: Mounting plugin OnlineSubsystemNull
LogPluginManager: Mounting plugin OnlineSubsystemUtils
LogPluginManager: Mounting plugin LauncherChunkInstaller
LogPluginManager: Mounting plugin AndroidDeviceProfileSelector
LogPluginManager: Mounting plugin AndroidMoviePlayer
LogPluginManager: Mounting plugin AndroidPermission
LogPluginManager: Mounting plugin AppleMoviePlayer
LogPluginManager: Mounting plugin ArchVisCharacter
LogPluginManager: Mounting plugin AudioCapture
LogPluginManager: Mounting plugin CableComponent
LogPluginManager: Mounting plugin CustomMeshComponent
LogPluginManager: Mounting plugin EditableMesh
LogPluginManager: Mounting plugin ExampleDeviceProfileSelector
LogPluginManager: Mounting plugin Firebase
LogPluginManager: Mounting plugin GoogleCloudMessaging
LogPluginManager: Mounting plugin IOSDeviceProfileSelector
LogPluginManager: Mounting plugin LinuxDeviceProfileSelector
LogPluginManager: Mounting plugin LocationServicesBPLibrary
LogPluginManager: Mounting plugin MobilePatchingUtils
LogPluginManager: Mounting plugin OculusVR
LogPluginManager: Mounting plugin PhysXVehicles
LogPluginManager: Mounting plugin ProceduralMeshComponent
LogPluginManager: Mounting plugin RuntimePhysXCooking
LogPluginManager: Mounting plugin SteamVR
LogPluginManager: Mounting plugin WebMMoviePlayer
LogPluginManager: Mounting plugin WindowsMoviePlayer
LogStreaming: Display: Took  0.155s to configure plugins.
LogInit: Using libcurl 7.55.1-DEV
LogInit:  - built for x86_64-pc-win32
LogInit:  - supports SSL with OpenSSL/1.0.2h
LogInit:  - supports HTTP deflate (compression) using libz 1.2.8
LogInit:  - other features:
LogInit:      CURL_VERSION_SSL
LogInit:      CURL_VERSION_LIBZ
LogInit:      CURL_VERSION_IPV6
LogInit:      CURL_VERSION_ASYNCHDNS
LogInit:      CURL_VERSION_LARGEFILE
LogInit:      CURL_VERSION_IDN
LogInit:  CurlRequestOptions (configurable via config and command line):
LogInit:  - bVerifyPeer = true  - Libcurl will verify peer certificate
LogInit:  - bUseHttpProxy = false  - Libcurl will NOT use HTTP proxy
LogInit:  - bDontReuseConnections = false  - Libcurl will reuse connections
LogInit:  - MaxHostConnections = 16  - Libcurl will limit the number of connections to a host
LogInit:  - LocalHostAddr = Default
LogInit:  - BufferSize = 65536
LogInit: WinSock: version 1.1 (2.2), MaxSocks=32767, MaxUdp=65467
LogInit: Build: ++UE4+Release-4.21-CL-4753647
LogInit: Engine Version: 4.21.2-4753647+++UE4+Release-4.21
LogInit: Compatible Engine Version: 4.21.0-4541578+++UE4+Release-4.21
LogInit: Net CL: 4541578
LogInit: OS: Windows 10 (), CPU: Intel(R) Core(TM) i7-6700HQ CPU @ 2.60GHz, GPU: Intel(R) HD Graphics 530
LogInit: Compiled (64-bit): Jan 19 2019 02:07:31
LogInit: Compiled with Visual C++: 19.13.26129.00
LogInit: Build Configuration: Development
LogInit: Branch Name: ++UE4+Release-4.21
LogInit: Command Line: 
LogInit: Base Directory: D:/Engine/UE_4.21/Engine/Binaries/Win64/
LogInit: Installed Engine Build: 1
LogDevObjectVersion: Number of dev versions registered: 22
LogDevObjectVersion:   Dev-Blueprints (B0D832E4-1F89-4F0D-ACCF-7EB736FD4AA2): 10
LogDevObjectVersion:   Dev-Build (E1C64328-A22C-4D53-A36C-8E866417BD8C): 0
LogDevObjectVersion:   Dev-Core (375EC13C-06E4-48FB-B500-84F0262A717E): 2
LogDevObjectVersion:   Dev-Editor (E4B068ED-F494-42E9-A231-DA0B2E46BB41): 26
LogDevObjectVersion:   Dev-Framework (CFFC743F-43B0-4480-9391-14DF171D2073): 34
LogDevObjectVersion:   Dev-Mobile (B02B49B5-BB20-44E9-A304-32B752E40360): 2
LogDevObjectVersion:   Dev-Networking (A4E4105C-59A1-49B5-A7C5-40C4547EDFEE): 0
LogDevObjectVersion:   Dev-Online (39C831C9-5AE6-47DC-9A44-9C173E1C8E7C): 0
LogDevObjectVersion:   Dev-Physics (78F01B33-EBEA-4F98-B9B4-84EACCB95AA2): 0
LogDevObjectVersion:   Dev-Platform (6631380F-2D4D-43E0-8009-CF276956A95A): 0
LogDevObjectVersion:   Dev-Rendering (12F88B9F-8875-4AFC-A67C-D90C383ABD29): 27
LogDevObjectVersion:   Dev-Sequencer (7B5AE74C-D270-4C10-A958-57980B212A5A): 9
LogDevObjectVersion:   Dev-VR (D7296918-1DD6-4BDD-9DE2-64A83CC13884): 2
LogDevObjectVersion:   Dev-LoadTimes (C2A15278-BFE7-4AFE-6C17-90FF531DF755): 1
LogDevObjectVersion:   Private-Geometry (6EACA3D4-40EC-4CC1-B786-8BED09428FC5): 3
LogDevObjectVersion:   Dev-AnimPhys (29E575DD-E0A3-4627-9D10-D276232CDCEA): 17
LogDevObjectVersion:   Dev-Anim (AF43A65D-7FD3-4947-9873-3E8ED9C1BB05): 2
LogDevObjectVersion:   Dev-ReflectionCapture (6B266CEC-1EC7-4B8F-A30B-E4D90942FC07): 1
LogDevObjectVersion:   Dev-Automation (0DF73D61-A23F-47EA-B727-89E90C41499A): 1
LogDevObjectVersion:   FortniteMain (601D1886-AC64-4F84-AA16-D3DE0DEAC7D6): 17
LogDevObjectVersion:   Dev-Enterprise (9DFFBCD6-494F-0158-E221-12823C92A888): 4
LogDevObjectVersion:   Dev-Niagara (F2AED0AC-9AFE-416F-8664-AA7FFA26D6FC): 1
LogStreaming: Display: Took  0.001s to delete old logs.
LogInit: Presizing for max 8388607 objects, including 0 objects not considered by GC, pre-allocating 0 bytes for permanent pool.
LogInit: Object subsystem initialized
LogConfig: Setting CVar [[con.DebugEarlyDefault:1]]
LogConfig: Setting CVar [[r.setres:1280x720]]
[2019.02.27-13.13.35:215][  0]LogConfig: Setting CVar [[r.VSync:0]]
[2019.02.27-13.13.35:215][  0]LogConfig: Setting CVar [[r.RHICmdBypass:0]]
[2019.02.27-13.13.35:216][  0]LogConfig: Applying CVar settings from Section [/Script/Engine.RendererSettings] File [D:/Proyectos/Unreal/Git/tualiens/Twaliens/Saved/Config/Windows/Engine.ini]
[2019.02.27-13.13.35:216][  0]LogConfig: Setting CVar [[r.GPUCrashDebugging:0]]
[2019.02.27-13.13.35:216][  0]LogConfig: Applying CVar settings from Section [/Script/Engine.RendererOverrideSettings] File [D:/Proyectos/Unreal/Git/tualiens/Twaliens/Saved/Config/Windows/Engine.ini]
[2019.02.27-13.13.35:216][  0]LogConfig: Applying CVar settings from Section [/Script/Engine.StreamingSettings] File [D:/Proyectos/Unreal/Git/tualiens/Twaliens/Saved/Config/Windows/Engine.ini]
[2019.02.27-13.13.35:216][  0]LogConfig: Setting CVar [[s.MinBulkDataSizeForAsyncLoading:131072]]
[2019.02.27-13.13.35:216][  0]LogConfig: Setting CVar [[s.AsyncLoadingThreadEnabled:0]]
[2019.02.27-13.13.35:216][  0]LogConfig: Setting CVar [[s.EventDrivenLoaderEnabled:1]]
[2019.02.27-13.13.35:216][  0]LogConfig: Setting CVar [[s.WarnIfTimeLimitExceeded:0]]
[2019.02.27-13.13.35:216][  0]LogConfig: Setting CVar [[s.TimeLimitExceededMultiplier:1.5]]
[2019.02.27-13.13.35:216][  0]LogConfig: Setting CVar [[s.TimeLimitExceededMinTime:0.005]]
[2019.02.27-13.13.35:216][  0]LogConfig: Setting CVar [[s.UseBackgroundLevelStreaming:1]]
[2019.02.27-13.13.35:216][  0]LogConfig: Setting CVar [[s.PriorityAsyncLoadingExtraTime:15.0]]
[2019.02.27-13.13.35:216][  0]LogConfig: Setting CVar [[s.LevelStreamingActorsUpdateTimeLimit:5.0]]
[2019.02.27-13.13.35:216][  0]LogConfig: Setting CVar [[s.PriorityLevelStreamingActorsUpdateExtraTime:5.0]]
[2019.02.27-13.13.35:216][  0]LogConfig: Setting CVar [[s.LevelStreamingComponentsRegistrationGranularity:10]]
[2019.02.27-13.13.35:216][  0]LogConfig: Setting CVar [[s.UnregisterComponentsTimeLimit:1.0]]
[2019.02.27-13.13.35:216][  0]LogConfig: Setting CVar [[s.LevelStreamingComponentsUnregistrationGranularity:5]]
[2019.02.27-13.13.35:216][  0]LogConfig: Applying CVar settings from Section [/Script/Engine.GarbageCollectionSettings] File [D:/Proyectos/Unreal/Git/tualiens/Twaliens/Saved/Config/Windows/Engine.ini]
[2019.02.27-13.13.35:216][  0]LogConfig: Setting CVar [[gc.MaxObjectsNotConsideredByGC:1]]
[2019.02.27-13.13.35:216][  0]LogConfig: Setting CVar [[gc.SizeOfPermanentObjectPool:0]]
[2019.02.27-13.13.35:216][  0]LogConfig: Setting CVar [[gc.FlushStreamingOnGC:0]]
[2019.02.27-13.13.35:216][  0]LogConfig: Setting CVar [[gc.NumRetriesBeforeForcingGC:10]]
[2019.02.27-13.13.35:216][  0]LogConfig: Setting CVar [[gc.AllowParallelGC:1]]
[2019.02.27-13.13.35:216][  0]LogConfig: Setting CVar [[gc.TimeBetweenPurgingPendingKillObjects:61.1]]
[2019.02.27-13.13.35:216][  0]LogConfig: Setting CVar [[gc.MaxObjectsInEditor:8388607]]
[2019.02.27-13.13.35:216][  0]LogConfig: Setting CVar [[gc.IncrementalBeginDestroyEnabled:1]]
[2019.02.27-13.13.35:216][  0]LogConfig: Setting CVar [[gc.CreateGCClusters:1]]
[2019.02.27-13.13.35:216][  0]LogConfig: Setting CVar [[gc.MergeGCClusters:0]]
[2019.02.27-13.13.35:216][  0]LogConfig: Setting CVar [[gc.MinGCClusterSize:5]]
[2019.02.27-13.13.35:216][  0]LogConfig: Setting CVar [[gc.ActorClusteringEnabled:0]]
[2019.02.27-13.13.35:216][  0]LogConfig: Setting CVar [[gc.BlueprintClusteringEnabled:0]]
[2019.02.27-13.13.35:216][  0]LogConfig: Setting CVar [[gc.UseDisregardForGCOnDedicatedServers:0]]
[2019.02.27-13.13.35:216][  0]LogConfig: Applying CVar settings from Section [/Script/Engine.NetworkSettings] File [D:/Proyectos/Unreal/Git/tualiens/Twaliens/Saved/Config/Windows/Engine.ini]
[2019.02.27-13.13.35:216][  0]LogConfig: Applying CVar settings from Section [/Script/UnrealEd.CookerSettings] File [D:/Proyectos/Unreal/Git/tualiens/Twaliens/Saved/Config/Windows/Engine.ini]
[2019.02.27-13.13.35:222][  0]LogConfig: Applying CVar settings from Section [ViewDistanceQuality@3] File [D:/Proyectos/Unreal/Git/tualiens/Twaliens/Saved/Config/Windows/Scalability.ini]
[2019.02.27-13.13.35:222][  0]LogConfig: Setting CVar [[r.SkeletalMeshLODBias:0]]
[2019.02.27-13.13.35:222][  0]LogConfig: Setting CVar [[r.ViewDistanceScale:1.0]]
[2019.02.27-13.13.35:222][  0]LogConfig: Applying CVar settings from Section [AntiAliasingQuality@3] File [D:/Proyectos/Unreal/Git/tualiens/Twaliens/Saved/Config/Windows/Scalability.ini]
[2019.02.27-13.13.35:222][  0]LogConfig: Setting CVar [[r.PostProcessAAQuality:4]]
[2019.02.27-13.13.35:222][  0]LogConfig: Applying CVar settings from Section [ShadowQuality@3] File [D:/Proyectos/Unreal/Git/tualiens/Twaliens/Saved/Config/Windows/Scalability.ini]
[2019.02.27-13.13.35:222][  0]LogConfig: Setting CVar [[r.LightFunctionQuality:1]]
[2019.02.27-13.13.35:222][  0]LogConfig: Setting CVar [[r.ShadowQuality:5]]
[2019.02.27-13.13.35:222][  0]LogConfig: Setting CVar [[r.Shadow.CSM.MaxCascades:10]]
[2019.02.27-13.13.35:223][  0]LogConfig: Setting CVar [[r.Shadow.MaxResolution:2048]]
[2019.02.27-13.13.35:223][  0]LogConfig: Setting CVar [[r.Shadow.MaxCSMResolution:2048]]
[2019.02.27-13.13.35:223][  0]LogConfig: Setting CVar [[r.Shadow.RadiusThreshold:0.01]]
[2019.02.27-13.13.35:223][  0]LogConfig: Setting CVar [[r.Shadow.DistanceScale:1.0]]
[2019.02.27-13.13.35:223][  0]LogConfig: Setting CVar [[r.Shadow.CSM.TransitionScale:1.0]]
[2019.02.27-13.13.35:223][  0]LogConfig: Setting CVar [[r.Shadow.PreShadowResolutionFactor:1.0]]
[2019.02.27-13.13.35:223][  0]LogConfig: Setting CVar [[r.DistanceFieldShadowing:1]]
[2019.02.27-13.13.35:223][  0]LogConfig: Setting CVar [[r.DistanceFieldAO:1]]
[2019.02.27-13.13.35:223][  0]LogConfig: Setting CVar [[r.AOQuality:2]]
[2019.02.27-13.13.35:223][  0]LogConfig: Setting CVar [[r.VolumetricFog:1]]
[2019.02.27-13.13.35:223][  0]LogConfig: Setting CVar [[r.VolumetricFog.GridPixelSize:8]]
[2019.02.27-13.13.35:223][  0]LogConfig: Setting CVar [[r.VolumetricFog.GridSizeZ:128]]
[2019.02.27-13.13.35:223][  0]LogConfig: Setting CVar [[r.VolumetricFog.HistoryMissSupersampleCount:4]]
[2019.02.27-13.13.35:223][  0]LogConfig: Setting CVar [[r.LightMaxDrawDistanceScale:1]]
[2019.02.27-13.13.35:223][  0]LogConfig: Setting CVar [[r.CapsuleShadows:1]]
[2019.02.27-13.13.35:223][  0]LogConfig: Applying CVar settings from Section [PostProcessQuality@3] File [D:/Proyectos/Unreal/Git/tualiens/Twaliens/Saved/Config/Windows/Scalability.ini]
[2019.02.27-13.13.35:223][  0]LogConfig: Setting CVar [[r.MotionBlurQuality:4]]
[2019.02.27-13.13.35:223][  0]LogConfig: Setting CVar [[r.AmbientOcclusionMipLevelFactor:0.4]]
[2019.02.27-13.13.35:223][  0]LogConfig: Setting CVar [[r.AmbientOcclusionMaxQuality:100]]
[2019.02.27-13.13.35:223][  0]LogConfig: Setting CVar [[r.AmbientOcclusionLevels:-1]]
[2019.02.27-13.13.35:223][  0]LogConfig: Setting CVar [[r.AmbientOcclusionRadiusScale:1.0]]
[2019.02.27-13.13.35:223][  0]LogConfig: Setting CVar [[r.DepthOfFieldQuality:2]]
[2019.02.27-13.13.35:223][  0]LogConfig: Setting CVar [[r.RenderTargetPoolMin:400]]
[2019.02.27-13.13.35:223][  0]LogConfig: Setting CVar [[r.LensFlareQuality:2]]
[2019.02.27-13.13.35:223][  0]LogConfig: Setting CVar [[r.SceneColorFringeQuality:1]]
[2019.02.27-13.13.35:223][  0]LogConfig: Setting CVar [[r.EyeAdaptationQuality:2]]
[2019.02.27-13.13.35:223][  0]LogConfig: Setting CVar [[r.BloomQuality:5]]
[2019.02.27-13.13.35:223][  0]LogConfig: Setting CVar [[r.FastBlurThreshold:100]]
[2019.02.27-13.13.35:223][  0]LogConfig: Setting CVar [[r.Upscale.Quality:3]]
[2019.02.27-13.13.35:223][  0]LogConfig: Setting CVar [[r.Tonemapper.GrainQuantization:1]]
[2019.02.27-13.13.35:223][  0]LogConfig: Setting CVar [[r.LightShaftQuality:1]]
[2019.02.27-13.13.35:223][  0]LogConfig: Setting CVar [[r.Filter.SizeScale:1]]
[2019.02.27-13.13.35:223][  0]LogConfig: Setting CVar [[r.Tonemapper.Quality:5]]
[2019.02.27-13.13.35:223][  0]LogConfig: Setting CVar [[r.DOF.Gather.AccumulatorQuality:1        ; higher gathering accumulator quality]]
[2019.02.27-13.13.35:223][  0]LogConfig: Setting CVar [[r.DOF.Gather.PostfilterMethod:1          ; Median3x3 postfilering method]]
[2019.02.27-13.13.35:223][  0]LogConfig: Setting CVar [[r.DOF.Gather.EnableBokehSettings:0       ; no bokeh simulation when gathering]]
[2019.02.27-13.13.35:223][  0]LogConfig: Setting CVar [[r.DOF.Gather.RingCount:4                 ; medium number of samples when gathering]]
[2019.02.27-13.13.35:223][  0]LogConfig: Setting CVar [[r.DOF.Scatter.ForegroundCompositing:1    ; additive foreground scattering]]
[2019.02.27-13.13.35:223][  0]LogConfig: Setting CVar [[r.DOF.Scatter.BackgroundCompositing:2    ; additive background scattering]]
[2019.02.27-13.13.35:223][  0]LogConfig: Setting CVar [[r.DOF.Scatter.EnableBokehSettings:1      ; bokeh simulation when scattering]]
[2019.02.27-13.13.35:223][  0]LogConfig: Setting CVar [[r.DOF.Scatter.MaxSpriteRatio:0.1         ; only a maximum of 10% of scattered bokeh]]
[2019.02.27-13.13.35:223][  0]LogConfig: Setting CVar [[r.DOF.Recombine.Quality:1                ; cheap slight out of focus]]
[2019.02.27-13.13.35:223][  0]LogConfig: Setting CVar [[r.DOF.Recombine.EnableBokehSettings:0    ; no bokeh simulation on slight out of focus]]
[2019.02.27-13.13.35:224][  0]LogConfig: Setting CVar [[r.DOF.TemporalAAQuality:1                ; more stable temporal accumulation]]
[2019.02.27-13.13.35:224][  0]LogConfig: Setting CVar [[r.DOF.Kernel.MaxForegroundRadius:0.025]]
[2019.02.27-13.13.35:224][  0]LogConfig: Setting CVar [[r.DOF.Kernel.MaxBackgroundRadius:0.025]]
[2019.02.27-13.13.35:224][  0]LogConfig: Applying CVar settings from Section [TextureQuality@3] File [D:/Proyectos/Unreal/Git/tualiens/Twaliens/Saved/Config/Windows/Scalability.ini]
[2019.02.27-13.13.35:224][  0]LogConfig: Setting CVar [[r.Streaming.MipBias:0]]
[2019.02.27-13.13.35:224][  0]LogConfig: Setting CVar [[r.Streaming.AmortizeCPUToGPUCopy:0]]
[2019.02.27-13.13.35:224][  0]LogConfig: Setting CVar [[r.Streaming.MaxNumTexturesToStreamPerFrame:0]]
[2019.02.27-13.13.35:224][  0]LogConfig: Setting CVar [[r.Streaming.Boost:1]]
[2019.02.27-13.13.35:224][  0]LogConfig: Setting CVar [[r.MaxAnisotropy:8]]
[2019.02.27-13.13.35:224][  0]LogConfig: Setting CVar [[r.Streaming.LimitPoolSizeToVRAM:0]]
[2019.02.27-13.13.35:224][  0]LogConfig: Setting CVar [[r.Streaming.PoolSize:1000]]
[2019.02.27-13.13.35:224][  0]LogConfig: Setting CVar [[r.Streaming.MaxEffectiveScreenSize:0]]
[2019.02.27-13.13.35:224][  0]LogConfig: Applying CVar settings from Section [EffectsQuality@3] File [D:/Proyectos/Unreal/Git/tualiens/Twaliens/Saved/Config/Windows/Scalability.ini]
[2019.02.27-13.13.35:224][  0]LogConfig: Setting CVar [[r.TranslucencyLightingVolumeDim:64]]
[2019.02.27-13.13.35:224][  0]LogConfig: Setting CVar [[r.RefractionQuality:2]]
[2019.02.27-13.13.35:224][  0]LogConfig: Setting CVar [[r.SSR.Quality:3]]
[2019.02.27-13.13.35:224][  0]LogConfig: Setting CVar [[r.SceneColorFormat:4]]
[2019.02.27-13.13.35:224][  0]LogConfig: Setting CVar [[r.DetailMode:2]]
[2019.02.27-13.13.35:224][  0]LogConfig: Setting CVar [[r.TranslucencyVolumeBlur:1]]
[2019.02.27-13.13.35:224][  0]LogConfig: Setting CVar [[r.MaterialQualityLevel:1 ; High quality]]
[2019.02.27-13.13.35:224][  0]LogConfig: Setting CVar [[r.SSS.Scale:1]]
[2019.02.27-13.13.35:224][  0]LogConfig: Setting CVar [[r.SSS.SampleSet:2]]
[2019.02.27-13.13.35:224][  0]LogConfig: Setting CVar [[r.SSS.Quality:1]]
[2019.02.27-13.13.35:224][  0]LogConfig: Setting CVar [[r.SSS.HalfRes:1]]
[2019.02.27-13.13.35:224][  0]LogConfig: Setting CVar [[r.EmitterSpawnRateScale:1.0]]
[2019.02.27-13.13.35:224][  0]LogConfig: Setting CVar [[r.ParticleLightQuality:2]]
[2019.02.27-13.13.35:224][  0]LogConfig: Applying CVar settings from Section [FoliageQuality@3] File [D:/Proyectos/Unreal/Git/tualiens/Twaliens/Saved/Config/Windows/Scalability.ini]
[2019.02.27-13.13.35:224][  0]LogConfig: Setting CVar [[foliage.DensityScale:1.0]]
[2019.02.27-13.13.35:224][  0]LogConfig: Setting CVar [[grass.DensityScale:1.0]]
[2019.02.27-13.13.35:225][  0]LogInit: Selected Device Profile: [Windows]
[2019.02.27-13.13.35:225][  0]LogInit: Applying CVar settings loaded from the selected device profile: [Windows]
[2019.02.27-13.13.35:258][  0]LogHAL: Display: Platform has ~ 8 GB [8409358336 / 8589934592 / 8], which maps to Default [LargestMinGB=32, LargerMinGB=12, DefaultMinGB=8, SmallerMinGB=6, SmallestMinGB=0)
[2019.02.27-13.13.35:259][  0]LogConfig: Setting CVar [[r.Vulkan.UseRealUBs:1]]
[2019.02.27-13.13.35:259][  0]LogInit: Going up to parent DeviceProfile []
[2019.02.27-13.13.35:259][  0]LogConfig: Applying CVar settings from Section [ViewDistanceQuality@3] File [D:/Proyectos/Unreal/Git/tualiens/Twaliens/Saved/Config/Windows/Scalability.ini]
[2019.02.27-13.13.35:259][  0]LogConfig: Setting CVar [[r.SkeletalMeshLODBias:0]]
[2019.02.27-13.13.35:259][  0]LogConfig: Setting CVar [[r.ViewDistanceScale:1.0]]
[2019.02.27-13.13.35:259][  0]LogConfig: Applying CVar settings from Section [AntiAliasingQuality@3] File [D:/Proyectos/Unreal/Git/tualiens/Twaliens/Saved/Config/Windows/Scalability.ini]
[2019.02.27-13.13.35:259][  0]LogConfig: Setting CVar [[r.PostProcessAAQuality:4]]
[2019.02.27-13.13.35:259][  0]LogConfig: Applying CVar settings from Section [ShadowQuality@3] File [D:/Proyectos/Unreal/Git/tualiens/Twaliens/Saved/Config/Windows/Scalability.ini]
[2019.02.27-13.13.35:259][  0]LogConfig: Setting CVar [[r.LightFunctionQuality:1]]
[2019.02.27-13.13.35:259][  0]LogConfig: Setting CVar [[r.ShadowQuality:5]]
[2019.02.27-13.13.35:259][  0]LogConfig: Setting CVar [[r.Shadow.CSM.MaxCascades:10]]
[2019.02.27-13.13.35:260][  0]LogConfig: Setting CVar [[r.Shadow.MaxResolution:2048]]
[2019.02.27-13.13.35:260][  0]LogConfig: Setting CVar [[r.Shadow.MaxCSMResolution:2048]]
[2019.02.27-13.13.35:260][  0]LogConfig: Setting CVar [[r.Shadow.RadiusThreshold:0.01]]
[2019.02.27-13.13.35:260][  0]LogConfig: Setting CVar [[r.Shadow.DistanceScale:1.0]]
[2019.02.27-13.13.35:260][  0]LogConfig: Setting CVar [[r.Shadow.CSM.TransitionScale:1.0]]
[2019.02.27-13.13.35:260][  0]LogConfig: Setting CVar [[r.Shadow.PreShadowResolutionFactor:1.0]]
[2019.02.27-13.13.35:260][  0]LogConfig: Setting CVar [[r.DistanceFieldShadowing:1]]
[2019.02.27-13.13.35:260][  0]LogConfig: Setting CVar [[r.DistanceFieldAO:1]]
[2019.02.27-13.13.35:260][  0]LogConfig: Setting CVar [[r.AOQuality:2]]
[2019.02.27-13.13.35:260][  0]LogConfig: Setting CVar [[r.VolumetricFog:1]]
[2019.02.27-13.13.35:260][  0]LogConfig: Setting CVar [[r.VolumetricFog.GridPixelSize:8]]
[2019.02.27-13.13.35:260][  0]LogConfig: Setting CVar [[r.VolumetricFog.GridSizeZ:128]]
[2019.02.27-13.13.35:260][  0]LogConfig: Setting CVar [[r.VolumetricFog.HistoryMissSupersampleCount:4]]
[2019.02.27-13.13.35:260][  0]LogConfig: Setting CVar [[r.LightMaxDrawDistanceScale:1]]
[2019.02.27-13.13.35:260][  0]LogConfig: Setting CVar [[r.CapsuleShadows:1]]
[2019.02.27-13.13.35:260][  0]LogConfig: Applying CVar settings from Section [PostProcessQuality@3] File [D:/Proyectos/Unreal/Git/tualiens/Twaliens/Saved/Config/Windows/Scalability.ini]
[2019.02.27-13.13.35:260][  0]LogConfig: Setting CVar [[r.MotionBlurQuality:4]]
[2019.02.27-13.13.35:260][  0]LogConfig: Setting CVar [[r.AmbientOcclusionMipLevelFactor:0.4]]
[2019.02.27-13.13.35:260][  0]LogConfig: Setting CVar [[r.AmbientOcclusionMaxQuality:100]]
[2019.02.27-13.13.35:260][  0]LogConfig: Setting CVar [[r.AmbientOcclusionLevels:-1]]
[2019.02.27-13.13.35:260][  0]LogConfig: Setting CVar [[r.AmbientOcclusionRadiusScale:1.0]]
[2019.02.27-13.13.35:260][  0]LogConfig: Setting CVar [[r.DepthOfFieldQuality:2]]
[2019.02.27-13.13.35:260][  0]LogConfig: Setting CVar [[r.RenderTargetPoolMin:400]]
[2019.02.27-13.13.35:260][  0]LogConfig: Setting CVar [[r.LensFlareQuality:2]]
[2019.02.27-13.13.35:260][  0]LogConfig: Setting CVar [[r.SceneColorFringeQuality:1]]
[2019.02.27-13.13.35:260][  0]LogConfig: Setting CVar [[r.EyeAdaptationQuality:2]]
[2019.02.27-13.13.35:260][  0]LogConfig: Setting CVar [[r.BloomQuality:5]]
[2019.02.27-13.13.35:260][  0]LogConfig: Setting CVar [[r.FastBlurThreshold:100]]
[2019.02.27-13.13.35:260][  0]LogConfig: Setting CVar [[r.Upscale.Quality:3]]
[2019.02.27-13.13.35:260][  0]LogConfig: Setting CVar [[r.Tonemapper.GrainQuantization:1]]
[2019.02.27-13.13.35:260][  0]LogConfig: Setting CVar [[r.LightShaftQuality:1]]
[2019.02.27-13.13.35:260][  0]LogConfig: Setting CVar [[r.Filter.SizeScale:1]]
[2019.02.27-13.13.35:260][  0]LogConfig: Setting CVar [[r.Tonemapper.Quality:5]]
[2019.02.27-13.13.35:260][  0]LogConfig: Setting CVar [[r.DOF.Gather.AccumulatorQuality:1        ; higher gathering accumulator quality]]
[2019.02.27-13.13.35:260][  0]LogConfig: Setting CVar [[r.DOF.Gather.PostfilterMethod:1          ; Median3x3 postfilering method]]
[2019.02.27-13.13.35:260][  0]LogConfig: Setting CVar [[r.DOF.Gather.EnableBokehSettings:0       ; no bokeh simulation when gathering]]
[2019.02.27-13.13.35:260][  0]LogConfig: Setting CVar [[r.DOF.Gather.RingCount:4                 ; medium number of samples when gathering]]
[2019.02.27-13.13.35:260][  0]LogConfig: Setting CVar [[r.DOF.Scatter.ForegroundCompositing:1    ; additive foreground scattering]]
[2019.02.27-13.13.35:260][  0]LogConfig: Setting CVar [[r.DOF.Scatter.BackgroundCompositing:2    ; additive background scattering]]
[2019.02.27-13.13.35:260][  0]LogConfig: Setting CVar [[r.DOF.Scatter.EnableBokehSettings:1      ; bokeh simulation when scattering]]
[2019.02.27-13.13.35:260][  0]LogConfig: Setting CVar [[r.DOF.Scatter.MaxSpriteRatio:0.1         ; only a maximum of 10% of scattered bokeh]]
[2019.02.27-13.13.35:260][  0]LogConfig: Setting CVar [[r.DOF.Recombine.Quality:1                ; cheap slight out of focus]]
[2019.02.27-13.13.35:260][  0]LogConfig: Setting CVar [[r.DOF.Recombine.EnableBokehSettings:0    ; no bokeh simulation on slight out of focus]]
[2019.02.27-13.13.35:260][  0]LogConfig: Setting CVar [[r.DOF.TemporalAAQuality:1                ; more stable temporal accumulation]]
[2019.02.27-13.13.35:260][  0]LogConfig: Setting CVar [[r.DOF.Kernel.MaxForegroundRadius:0.025]]
[2019.02.27-13.13.35:260][  0]LogConfig: Setting CVar [[r.DOF.Kernel.MaxBackgroundRadius:0.025]]
[2019.02.27-13.13.35:260][  0]LogConfig: Applying CVar settings from Section [TextureQuality@3] File [D:/Proyectos/Unreal/Git/tualiens/Twaliens/Saved/Config/Windows/Scalability.ini]
[2019.02.27-13.13.35:260][  0]LogConfig: Setting CVar [[r.Streaming.MipBias:0]]
[2019.02.27-13.13.35:260][  0]LogConfig: Setting CVar [[r.Streaming.AmortizeCPUToGPUCopy:0]]
[2019.02.27-13.13.35:260][  0]LogConfig: Setting CVar [[r.Streaming.MaxNumTexturesToStreamPerFrame:0]]
[2019.02.27-13.13.35:260][  0]LogConfig: Setting CVar [[r.Streaming.Boost:1]]
[2019.02.27-13.13.35:260][  0]LogConfig: Setting CVar [[r.MaxAnisotropy:8]]
[2019.02.27-13.13.35:260][  0]LogConfig: Setting CVar [[r.Streaming.LimitPoolSizeToVRAM:0]]
[2019.02.27-13.13.35:260][  0]LogConfig: Setting CVar [[r.Streaming.PoolSize:1000]]
[2019.02.27-13.13.35:260][  0]LogConfig: Setting CVar [[r.Streaming.MaxEffectiveScreenSize:0]]
[2019.02.27-13.13.35:260][  0]LogConfig: Applying CVar settings from Section [EffectsQuality@3] File [D:/Proyectos/Unreal/Git/tualiens/Twaliens/Saved/Config/Windows/Scalability.ini]
[2019.02.27-13.13.35:261][  0]LogConfig: Setting CVar [[r.TranslucencyLightingVolumeDim:64]]
[2019.02.27-13.13.35:261][  0]LogConfig: Setting CVar [[r.RefractionQuality:2]]
[2019.02.27-13.13.35:261][  0]LogConfig: Setting CVar [[r.SSR.Quality:3]]
[2019.02.27-13.13.35:261][  0]LogConfig: Setting CVar [[r.SceneColorFormat:4]]
[2019.02.27-13.13.35:261][  0]LogConfig: Setting CVar [[r.DetailMode:2]]
[2019.02.27-13.13.35:261][  0]LogConfig: Setting CVar [[r.TranslucencyVolumeBlur:1]]
[2019.02.27-13.13.35:261][  0]LogConfig: Setting CVar [[r.MaterialQualityLevel:1 ; High quality]]
[2019.02.27-13.13.35:261][  0]LogConfig: Setting CVar [[r.SSS.Scale:1]]
[2019.02.27-13.13.35:261][  0]LogConfig: Setting CVar [[r.SSS.SampleSet:2]]
[2019.02.27-13.13.35:261][  0]LogConfig: Setting CVar [[r.SSS.Quality:1]]
[2019.02.27-13.13.35:261][  0]LogConfig: Setting CVar [[r.SSS.HalfRes:1]]
[2019.02.27-13.13.35:261][  0]LogConfig: Setting CVar [[r.EmitterSpawnRateScale:1.0]]
[2019.02.27-13.13.35:261][  0]LogConfig: Setting CVar [[r.ParticleLightQuality:2]]
[2019.02.27-13.13.35:261][  0]LogConfig: Applying CVar settings from Section [FoliageQuality@3] File [D:/Proyectos/Unreal/Git/tualiens/Twaliens/Saved/Config/Windows/Scalability.ini]
[2019.02.27-13.13.35:261][  0]LogConfig: Setting CVar [[foliage.DensityScale:1.0]]
[2019.02.27-13.13.35:261][  0]LogConfig: Setting CVar [[grass.DensityScale:1.0]]
[2019.02.27-13.13.35:261][  0]LogConfig: Applying CVar settings from Section [Startup] File [../../../Engine/Config/ConsoleVariables.ini]
[2019.02.27-13.13.35:269][  0]LogConfig: Setting CVar [[net.UseAdaptiveNetUpdateFrequency:0]]
[2019.02.27-13.13.35:269][  0]LogConfig: Applying CVar settings from Section [ConsoleVariables] File [D:/Proyectos/Unreal/Git/tualiens/Twaliens/Saved/Config/Windows/Engine.ini]
[2019.02.27-13.13.35:270][  0]LogInit: Computer: DESKTOP-RDCR997
[2019.02.27-13.13.35:270][  0]LogInit: User: davir
[2019.02.27-13.13.35:270][  0]LogInit: CPU Page size=4096, Cores=4
[2019.02.27-13.13.35:270][  0]LogInit: High frequency timer resolution =2.531250 MHz
[2019.02.27-13.13.35:270][  0]LogMemory: Memory total: Physical=7.8GB (8GB approx)
[2019.02.27-13.13.35:270][  0]LogMemory: Platform Memory Stats for Windows
[2019.02.27-13.13.35:270][  0]LogMemory: Process Physical Memory: 102.38 MB used, 102.38 MB peak
[2019.02.27-13.13.35:270][  0]LogMemory: Process Virtual Memory: 89.63 MB used, 89.63 MB peak
[2019.02.27-13.13.35:270][  0]LogMemory: Physical Memory: 7256.04 MB used,  763.75 MB free, 8019.79 MB total
[2019.02.27-13.13.35:270][  0]LogMemory: Virtual Memory: 4646.36 MB used,  134213080.00 MB free, 134217728.00 MB total
[2019.02.27-13.13.35:543][  0]LogInit: Overriding language with editor language configuration option (en).
[2019.02.27-13.13.35:543][  0]LogInit: Overriding locale with editor locale configuration option (en).
[2019.02.27-13.13.36:226][  0]LogStreaming: Display: Took  0.684s to InitEngineTextLocalization.
[2019.02.27-13.13.36:226][  0]LogInit: Setting process to per monitor DPI aware
[2019.02.27-13.13.36:370][  0]LogSlate: New Slate User Created.  User Index 0, Is Virtual User: 0
[2019.02.27-13.13.36:370][  0]LogSlate: Slate User Registered.  User Index 0, Is Virtual User: 0
[2019.02.27-13.13.40:145][  0]LogHMD: Failed to initialize OpenVR with code 110
[2019.02.27-13.13.40:145][  0]LogD3D11RHI: D3D11 adapters:
[2019.02.27-13.13.40:312][  0]LogD3D11RHI:    0. 'NVIDIA GeForce GTX 960M' (Feature Level 11_0)
[2019.02.27-13.13.40:312][  0]LogD3D11RHI:       2010/0/4009 MB DedicatedVideo/DedicatedSystem/SharedSystem, Outputs:1, VendorId:0x10de
[2019.02.27-13.13.40:334][  0]LogD3D11RHI:    1. 'Intel(R) HD Graphics 530' (Feature Level 11_0)
[2019.02.27-13.13.40:334][  0]LogD3D11RHI:       128/0/4009 MB DedicatedVideo/DedicatedSystem/SharedSystem, Outputs:0, VendorId:0x8086
[2019.02.27-13.13.40:337][  0]LogD3D11RHI:    2. 'Microsoft Basic Render Driver' (Feature Level 11_0)
[2019.02.27-13.13.40:337][  0]LogD3D11RHI:       0/0/4009 MB DedicatedVideo/DedicatedSystem/SharedSystem, Outputs:0, VendorId:0x1414
[2019.02.27-13.13.40:337][  0]LogD3D11RHI: Chosen D3D11 Adapter: 0
[2019.02.27-13.13.40:389][  0]LogD3D11RHI: Creating new Direct3DDevice
[2019.02.27-13.13.40:389][  0]LogD3D11RHI:     GPU DeviceId: 0x139b (for the marketing name, search the web for "GPU Device Id")
[2019.02.27-13.13.40:389][  0]LogWindows: EnumDisplayDevices:
[2019.02.27-13.13.40:389][  0]LogWindows:    0. 'Intel(R) HD Graphics 530' (P:1 D:1)
[2019.02.27-13.13.40:390][  0]LogWindows:    1. 'Intel(R) HD Graphics 530' (P:0 D:0)
[2019.02.27-13.13.40:390][  0]LogWindows:    2. 'Intel(R) HD Graphics 530' (P:0 D:0)
[2019.02.27-13.13.40:390][  0]LogWindows: DebugString: PrimaryIsNotTheChoosenAdapter PrimaryIsNotTheChoosenAdapter PrimaryIsNotTheChoosenAdapter FoundDriverCount:0 
[2019.02.27-13.13.40:390][  0]LogD3D11RHI:     Adapter Name: NVIDIA GeForce GTX 960M
[2019.02.27-13.13.40:390][  0]LogD3D11RHI:   Driver Version: Unknown (internal:Unknown, unified:Unknown)
[2019.02.27-13.13.40:390][  0]LogD3D11RHI:      Driver Date: Unknown
[2019.02.27-13.13.40:390][  0]LogRHI: Texture pool is 1407 MB (70% of 2010 MB)
[2019.02.27-13.13.40:459][  0]LogD3D11RHI: Async texture creation enabled
[2019.02.27-13.13.40:495][  0]LogD3D11RHI: GPU Timing Frequency: 1000.000000 (Debug: 2 2)
[2019.02.27-13.13.41:205][  0]LogTemp: Display: Loaded TP AllDesktopTargetPlatform
[2019.02.27-13.13.41:234][  0]LogTemp: Display: Loaded TP MacClientTargetPlatform
[2019.02.27-13.13.41:270][  0]LogTemp: Display: Loaded TP MacNoEditorTargetPlatform
[2019.02.27-13.13.41:305][  0]LogTemp: Display: Loaded TP MacServerTargetPlatform
[2019.02.27-13.13.41:349][  0]LogTemp: Display: Loaded TP MacTargetPlatform
[2019.02.27-13.13.41:386][  0]LogTemp: Display: Loaded TP WindowsClientTargetPlatform
[2019.02.27-13.13.41:418][  0]LogTemp: Display: Loaded TP WindowsNoEditorTargetPlatform
[2019.02.27-13.13.41:452][  0]LogTemp: Display: Loaded TP WindowsServerTargetPlatform
[2019.02.27-13.13.41:477][  0]LogTemp: Display: Loaded TP WindowsTargetPlatform
[2019.02.27-13.13.41:616][  0]LogTemp: Display: Loaded TP AndroidTargetPlatform
[2019.02.27-13.13.41:617][  0]LogTemp: Display: Loaded TP AndroidTargetPlatform
[2019.02.27-13.13.41:617][  0]LogTemp: Display: Loaded TP AndroidTargetPlatform
[2019.02.27-13.13.41:617][  0]LogTemp: Display: Loaded TP AndroidTargetPlatform
[2019.02.27-13.13.41:617][  0]LogTemp: Display: Loaded TP AndroidTargetPlatform
[2019.02.27-13.13.41:617][  0]LogTemp: Display: Loaded TP AndroidTargetPlatform
[2019.02.27-13.13.41:617][  0]LogTemp: Display: Loaded TP AndroidTargetPlatform
[2019.02.27-13.13.41:617][  0]LogTemp: Display: Loaded TP AndroidTargetPlatform
[2019.02.27-13.13.41:617][  0]LogTemp: Display: Loaded TP AndroidTargetPlatform
[2019.02.27-13.13.41:617][  0]LogTemp: Display: Loaded TP AndroidTargetPlatform
[2019.02.27-13.13.41:617][  0]LogTemp: Display: Loaded TP AndroidTargetPlatform
[2019.02.27-13.13.41:617][  0]LogTemp: Display: Loaded TP AndroidTargetPlatform
[2019.02.27-13.13.41:617][  0]LogTemp: Display: Loaded TP AndroidTargetPlatform
[2019.02.27-13.13.41:617][  0]LogTemp: Display: Loaded TP AndroidTargetPlatform
[2019.02.27-13.13.41:617][  0]LogTemp: Display: Loaded TP AndroidTargetPlatform
[2019.02.27-13.13.41:617][  0]LogTemp: Display: Loaded TP AndroidTargetPlatform
[2019.02.27-13.13.41:617][  0]LogTemp: Display: Loaded TP AndroidTargetPlatform
[2019.02.27-13.13.41:617][  0]LogTemp: Display: Loaded TP AndroidTargetPlatform
[2019.02.27-13.13.41:634][  0]LogTemp: Display: Loaded TP HTML5TargetPlatform
[2019.02.27-13.13.41:762][  0]LogTemp: Display: Loaded TP IOSTargetPlatform
[2019.02.27-13.13.41:762][  0]LogTemp: Display: Loaded TP IOSTargetPlatform
[2019.02.27-13.13.41:816][  0]LogTemp: Display: Loaded TP TVOSTargetPlatform
[2019.02.27-13.13.41:816][  0]LogTemp: Display: Loaded TP TVOSTargetPlatform
[2019.02.27-13.13.41:850][  0]LogTemp: Display: Loaded TP LinuxClientTargetPlatform
[2019.02.27-13.13.41:886][  0]LogTemp: Display: Loaded TP LinuxNoEditorTargetPlatform
[2019.02.27-13.13.41:921][  0]LogTemp: Display: Loaded TP LinuxServerTargetPlatform
[2019.02.27-13.13.41:966][  0]LogTemp: Display: Loaded TP LinuxTargetPlatform
[2019.02.27-13.13.42:052][  0]LogTemp: Display: Loaded TP LuminTargetPlatform
[2019.02.27-13.13.42:052][  0]LogTemp: Display: Loaded TP LuminTargetPlatform
[2019.02.27-13.13.42:052][  0]LogTargetPlatformManager: Display: Building Assets For Windows
[2019.02.27-13.13.42:546][  0]LogShaderCompilers: Guid format shader working directory is -8 characters bigger than the processId version (../../../../../Proyectos/Unreal/Git/tualiens/Twaliens/Intermediate/Shaders/WorkingDirectory/27328/).
[2019.02.27-13.13.42:546][  0]LogShaderCompilers: Cleaned the shader compiler working directory 'C:/Users/davir/AppData/Local/Temp/UnrealShaderWorkingDir/9A5E5FE5447E4419FF8BC4B3A0E4D847/'.
[2019.02.27-13.13.42:549][  0]LogXGEController: Cleaning working directory: C:/Users/davir/AppData/Local/Temp/UnrealXGEWorkingDir/
[2019.02.27-13.13.42:561][  0]LogShaderCompilers: Display: Using XGE Shader Compiler (Interception Interface).
[2019.02.27-13.13.45:367][  0]LogDerivedDataCache: Display: Max Cache Size: 512 MB
[2019.02.27-13.13.45:499][  0]LogDerivedDataCache: Loaded boot cache 0.13s 71MB C:/Users/davir/AppData/Local/UnrealEngine/4.21/DerivedDataCache/Boot.ddc.
[2019.02.27-13.13.45:499][  0]LogDerivedDataCache: Display: Loaded Boot cache: C:/Users/davir/AppData/Local/UnrealEngine/4.21/DerivedDataCache/Boot.ddc
[2019.02.27-13.13.45:499][  0]LogDerivedDataCache: FDerivedDataBackendGraph:  Pak pak cache file ../../../../../Proyectos/Unreal/Git/tualiens/Twaliens/DerivedDataCache/DDC.ddp not found, will not use a pak cache.
[2019.02.27-13.13.45:499][  0]LogDerivedDataCache: Unable to find inner node Pak for hierarchical cache Hierarchy.
[2019.02.27-13.13.45:499][  0]LogDerivedDataCache: FDerivedDataBackendGraph:  CompressedPak pak cache file ../../../../../Proyectos/Unreal/Git/tualiens/Twaliens/DerivedDataCache/Compressed.ddp not found, will not use a pak cache.
[2019.02.27-13.13.45:499][  0]LogDerivedDataCache: Unable to find inner node CompressedPak for hierarchical cache Hierarchy.
[2019.02.27-13.13.45:526][  0]LogDerivedDataCache: Display: Pak cache opened for reading ../../../Engine/DerivedDataCache/Compressed.ddp.
[2019.02.27-13.13.45:526][  0]LogDerivedDataCache: FDerivedDataBackendGraph:  EnterprisePak pak cache file ../../../Enterprise/DerivedDataCache/Compressed.ddp not found, will not use a pak cache.
[2019.02.27-13.13.45:526][  0]LogDerivedDataCache: Unable to find inner node EnterprisePak for hierarchical cache Hierarchy.
[2019.02.27-13.13.45:539][  0]LogDerivedDataCache: Using Local data cache path C:/Users/davir/AppData/Local/UnrealEngine/Common/DerivedDataCache: Writable
[2019.02.27-13.13.45:539][  0]LogDerivedDataCache: Shared data cache path not found in *engine.ini, will not use an Shared cache.
[2019.02.27-13.13.45:539][  0]LogDerivedDataCache: Unable to find inner node Shared for hierarchical cache Hierarchy.
[2019.02.27-13.13.45:581][  0]LogMaterial: Verifying Global Shaders for PCD3D_SM5
[2019.02.27-13.13.45:589][  0]LogSlate: Using FreeType 2.6.0
[2019.02.27-13.13.45:617][  0]LogSlate: SlateFontServices - WITH_FREETYPE: 1, WITH_HARFBUZZ: 1
[2019.02.27-13.13.46:080][  0]LogAssetRegistry: FAssetRegistry took 0.0414 seconds to start up
[2019.02.27-13.13.46:789][  0]LogInit: Selected Device Profile: [Windows]
[2019.02.27-13.13.47:498][  0]LogSimplygon: Simplygon DLL not present - disabling.
[2019.02.27-13.13.47:561][  0]LogMeshReduction: Using SimplygonSwarm for distributed automatic mesh merging
[2019.02.27-13.13.47:562][  0]LogMeshReduction: Using ProxyLODMeshReduction for automatic mesh merging
[2019.02.27-13.13.47:563][  0]LogMeshReduction: Using QuadricMeshReduction for automatic static mesh reduction
[2019.02.27-13.13.47:563][  0]LogMeshReduction: No automatic skeletal mesh reduction module available
[2019.02.27-13.13.47:634][  0]LogNetVersion: Twaliens 1.0.0, NetCL: 4541578, EngineNetVer: 5, GameNetVer: 0 (Checksum: 3205813117)
[2019.02.27-13.13.49:421][  0]LogPackageLocalizationCache: Processed 11 localized package path(s) for 1 prioritized culture(s) in 0.126337 seconds
[2019.02.27-13.13.49:434][  0]LogUObjectArray: 39775 objects as part of root set at end of initial load.
[2019.02.27-13.13.49:434][  0]LogUObjectAllocator: 6914656 out of 0 bytes used by permanent object pool.
[2019.02.27-13.13.49:435][  0]LogUObjectArray: CloseDisregardForGC: 0/0 objects in disregard for GC pool
[2019.02.27-13.13.55:002][  0]LogTcpMessaging: Initializing TcpMessaging bridge
[2019.02.27-13.13.55:038][  0]LogUdpMessaging: Initializing bridge on interface 0.0.0.0:0 to multicast group 230.0.0.1:6666.
[2019.02.27-13.13.56:649][  0]LogLinker: Warning: Can't find file '/Game/Weapons/BP_ProjectileA'
[2019.02.27-13.13.56:650][  0]LogLinker: Warning: Can't find file '/Game/Weapons/BP_ProjectileA'
[2019.02.27-13.13.56:650][  0]LogUObjectGlobals: Warning: Failed to find object 'Class /Game/Weapons/BP_ProjectileA.BP_ProjectileA_C'
[2019.02.27-13.13.56:650][  0]Error: CDO Constructor (Weapon): Failed to find /Game/Weapons/BP_ProjectileA.BP_ProjectileA_C

[2019.02.27-13.13.56:650][  0]Error: CDO Constructor (Weapon): Failed to find /Game/Weapons/BP_ProjectileA.BP_ProjectileA_C

[2019.02.27-13.13.56:776][  0]LogLinker: Warning: Can't find file '/Game/Characters/BasicWarrior/BP_BasicWarriorController_0'
[2019.02.27-13.13.56:776][  0]LogLinker: Warning: Can't find file for asset '/Game/Characters/BasicWarrior/BP_BasicWarriorController_0' while loading ../../../../../Proyectos/Unreal/Git/tualiens/Twaliens/Content/Characters/BasicWarrior/BP_BasicWarrior_0.uasset.
[2019.02.27-13.13.56:777][  0]LoadErrors: Error: /Game/Characters/BasicWarrior/BP_BasicWarrior_0 : Can't find file for asset. /Game/Characters/BasicWarrior/BP_BasicWarriorController_0
[2019.02.27-13.13.56:778][  0]LogLinker: Warning: Can't find file '/Game/Characters/BasicWarrior/BP_BasicWarriorController_0'
[2019.02.27-13.13.56:778][  0]LogLinker: Warning: Can't find file for asset '/Game/Characters/BasicWarrior/BP_BasicWarriorController_0' while loading ../../../../../Proyectos/Unreal/Git/tualiens/Twaliens/Content/Characters/BasicWarrior/BP_BasicWarrior_0.uasset.
[2019.02.27-13.13.56:778][  0]LoadErrors: Error: /Game/Characters/BasicWarrior/BP_BasicWarrior_0 : Can't find file for asset. /Game/Characters/BasicWarrior/BP_BasicWarriorController_0
[2019.02.27-13.13.56:814][  0]LogLinker: Warning: Can't find file '/Game/Characters/BasicWarrior/BP_BasicWarriorController_0'
[2019.02.27-13.13.56:814][  0]LogLinker: Warning: Can't find file for asset '/Game/Characters/BasicWarrior/BP_BasicWarriorController_0' while loading NULL.
[2019.02.27-13.13.56:814][  0]LogLinker: Warning: Can't find file '/Game/Characters/BasicWarrior/BP_BasicWarriorController_0'
[2019.02.27-13.13.56:814][  0]LogLinker: Warning: Can't find file for asset '/Game/Characters/BasicWarrior/BP_BasicWarriorController_0' while loading NULL.
[2019.02.27-13.13.56:815][  0]LogLinker: Warning: Can't find file '/Game/Characters/BasicWarrior/BP_BasicWarriorController_0'
[2019.02.27-13.13.56:816][  0]LoadErrors: Failed to load /Game/Characters/BasicWarrior/BP_BasicWarriorController_0.BP_BasicWarriorController_0_C Referenced by Default__BP_BasicWarrior_0_C
[2019.02.27-13.13.56:816][  0]LogLinker: Warning: Can't find file for asset '/Game/Characters/BasicWarrior/BP_BasicWarriorController_0' while loading NULL.
[2019.02.27-13.13.56:816][  0]LoadErrors: Failed to load /Game/Characters/BasicWarrior/BP_BasicWarriorController_0.BP_BasicWarriorController_0_C Referenced by Default__BP_BasicWarrior_0_C
[2019.02.27-13.13.57:040][  0]LogUObjectBase: Warning: -------------- Default Property warnings and errors:
[2019.02.27-13.13.57:040][  0]LogUObjectBase: Warning: Error: CDO Constructor (Weapon): Failed to find /Game/Weapons/BP_ProjectileA.BP_ProjectileA_C

[2019.02.27-13.13.57:040][  0]LogUObjectBase: Warning: Error: CDO Constructor (Weapon): Failed to find /Game/Weapons/BP_ProjectileA.BP_ProjectileA_C

[2019.02.27-13.13.57:069][  0]LogWindowsTextInputMethodSystem: Display: IME system now deactivated.
[2019.02.27-13.14.52:784][  0]LogWindowsTextInputMethodSystem: Display: IME system now deactivated.
[2019.02.27-13.14.52:786][  0]LogWindowsTextInputMethodSystem: Display: IME system now deactivated.
[2019.02.27-13.14.53:150][  0]SourceControl: Source control is disabled
[2019.02.27-13.14.53:151][  0]SourceControl: Source control is disabled
[2019.02.27-13.14.54:021][  0]LogAndroidPermission: UAndroidPermissionCallbackProxy::GetInstance
[2019.02.27-13.14.54:268][  0]LogOcInput: OculusInput pre-init called
[2019.02.27-13.14.54:657][  0]LogEngine: Initializing Engine...
[2019.02.27-13.14.54:663][  0]LogHMD: Failed to initialize OpenVR with code 110
[2019.02.27-13.14.54:668][  0]LogStats: UGameplayTagsManager::ConstructGameplayTagTree: ImportINI prefixes -  0.000 s
[2019.02.27-13.14.54:668][  0]LogStats: UGameplayTagsManager::ConstructGameplayTagTree: Construct from data asset -  0.000 s
[2019.02.27-13.14.54:668][  0]LogStats: UGameplayTagsManager::ConstructGameplayTagTree: ImportINI -  0.000 s
[2019.02.27-13.14.54:668][  0]LogStats: UGameplayTagsManager::ConstructGameplayTagTree: GameplayTagTreeChangedEvent.Broadcast -  0.000 s
[2019.02.27-13.14.55:256][  0]LogInit: Initializing FReadOnlyCVARCache
[2019.02.27-13.14.55:513][  0]LogAIModule: Creating AISystem for world Untitled
[2019.02.27-13.14.55:609][  0]LogInit: XAudio2 using 'Altavoces (2- USB PnP Sound Device)' : 2 channels at 48 kHz using 16 bits per sample (channel mask 0x3)
[2019.02.27-13.14.55:732][  0]LogInit: FAudioDevice initialized.
[2019.02.27-13.14.55:737][  0]LogNetVersion: Set ProjectVersion to 1.0.0.0. Version Checksum will be recalculated on next use.
[2019.02.27-13.14.55:812][  0]LogDerivedDataCache: Saved boot cache 0.07s 75MB C:/Users/davir/AppData/Local/UnrealEngine/4.21/DerivedDataCache/Boot.ddc.
[2019.02.27-13.14.55:828][  0]LogInit: Texture streaming: Enabled
[2019.02.27-13.14.55:926][  0]LogEngineSessionManager: EngineSessionManager initialized
[2019.02.27-13.14.56:128][  0]LogInit: Transaction tracking system initialized
[2019.02.27-13.14.56:281][  0]BlueprintLog: New page: Editor Load
[2019.02.27-13.14.57:056][  0]LocalizationService: Localization service is disabled
[2019.02.27-13.14.57:915][  0]DDCNotifications: Shared DDC not detected, performance notification enabled
[2019.02.27-13.14.58:593][  0]LogFileCache: Scanning file cache for directory 'D:/Proyectos/Unreal/Git/tualiens/Twaliens/Content/' took 0.02s
[2019.02.27-13.14.58:593][  0]LogCook: Display: Max memory allowance for cook 16384mb min free memory 0mb
[2019.02.27-13.14.58:593][  0]LogCook: Display: Mobile HDR setting 1
[2019.02.27-13.14.58:594][  0]LogGameplayTags: Display: UGameplayTagsManager::DoneAddingNativeTags. DelegateIsBound: 0
[2019.02.27-13.14.58:596][  0]LogStats: UGameplayTagsManager::ConstructGameplayTagTree: ImportINI prefixes -  0.000 s
[2019.02.27-13.14.58:596][  0]LogStats: UGameplayTagsManager::ConstructGameplayTagTree: Construct from data asset -  0.000 s
[2019.02.27-13.14.58:596][  0]LogStats: UGameplayTagsManager::ConstructGameplayTagTree: ImportINI -  0.000 s
[2019.02.27-13.14.58:596][  0]LogStats: UGameplayTagsManager::ConstructGameplayTagTree: GameplayTagTreeChangedEvent.Broadcast -  0.000 s
[2019.02.27-13.14.59:729][  0]SourceControl: Error: P4ERROR: Failed to connect to source control provider.
[2019.02.27-13.14.59:729][  0]SourceControl: Error: Perforce password (P4PASSWD) invalid or unset.

[2019.02.27-13.14.59:729][  0]SourceControl: Error: Port=ssl:perforce.ucm.es:8080, User=olafgomez, ClientSpec=UE_G4_Perforce, Ticket=
[2019.02.27-13.14.59:731][  0]Cmd: MAP LOAD FILE="../../../../../Proyectos/Unreal/Git/tualiens/Twaliens/Content/Maps/TestMap/TestMap.umap" TEMPLATE=0 SHOWPROGRESS=1 FEATURELEVEL=3
[2019.02.27-13.14.59:741][  0]LightingResults: New page: Lighting Build
[2019.02.27-13.14.59:754][  0]MapCheck: New page: Map Check
[2019.02.27-13.14.59:754][  0]LightingResults: New page: Lighting Build
[2019.02.27-13.15.00:065][  0]LogLinker: Warning: Can't find file '/Game/Maps/TestMap/TestMap_BuiltData'
[2019.02.27-13.15.00:065][  0]LogLinker: Warning: Can't find file for asset '/Game/Maps/TestMap/TestMap_BuiltData' while loading ../../../../../Proyectos/Unreal/Git/tualiens/Twaliens/Content/Maps/TestMap/TestMap.umap.
[2019.02.27-13.15.00:065][  0]LoadErrors: Error: /Game/Maps/TestMap/TestMap : Can't find file for asset. /Game/Maps/TestMap/TestMap_BuiltData
[2019.02.27-13.15.00:066][  0]LogLinker: Warning: Can't find file '/Game/Materials/M_Blue'
[2019.02.27-13.15.00:067][  0]LogLinker: Warning: Can't find file for asset '/Game/Materials/M_Blue' while loading ../../../../../Proyectos/Unreal/Git/tualiens/Twaliens/Content/Maps/TestMap/TestMap.umap.
[2019.02.27-13.15.00:067][  0]LoadErrors: Error: /Game/Maps/TestMap/TestMap : Can't find file for asset. /Game/Materials/M_Blue
[2019.02.27-13.15.00:067][  0]LogLinker: Warning: Can't find file '/Game/Materials/M_Red'
[2019.02.27-13.15.00:067][  0]LogLinker: Warning: Can't find file for asset '/Game/Materials/M_Red' while loading ../../../../../Proyectos/Unreal/Git/tualiens/Twaliens/Content/Maps/TestMap/TestMap.umap.
[2019.02.27-13.15.00:067][  0]LoadErrors: Error: /Game/Maps/TestMap/TestMap : Can't find file for asset. /Game/Materials/M_Red
[2019.02.27-13.15.00:092][  0]LogLinker: Warning: Can't find file '/Game/Maps/TestMap/TestMap_BuiltData'
[2019.02.27-13.15.00:092][  0]LogLinker: Warning: Can't find file for asset '/Game/Maps/TestMap/TestMap_BuiltData' while loading ../../../../../Proyectos/Unreal/Git/tualiens/Twaliens/Content/Maps/TestMap/TestMap.umap.
[2019.02.27-13.15.00:092][  0]LoadErrors: Error: /Game/Maps/TestMap/TestMap : Can't find file for asset. /Game/Maps/TestMap/TestMap_BuiltData
[2019.02.27-13.15.00:092][  0]LogLinker: Warning: Can't find file '/Game/Materials/M_Blue'
[2019.02.27-13.15.00:093][  0]LogLinker: Warning: Can't find file for asset '/Game/Materials/M_Blue' while loading ../../../../../Proyectos/Unreal/Git/tualiens/Twaliens/Content/Maps/TestMap/TestMap.umap.
[2019.02.27-13.15.00:093][  0]LoadErrors: Error: /Game/Maps/TestMap/TestMap : Can't find file for asset. /Game/Materials/M_Blue
[2019.02.27-13.15.00:093][  0]LogLinker: Warning: Can't find file '/Game/Materials/M_Red'
[2019.02.27-13.15.00:093][  0]LogLinker: Warning: Can't find file for asset '/Game/Materials/M_Red' while loading ../../../../../Proyectos/Unreal/Git/tualiens/Twaliens/Content/Maps/TestMap/TestMap.umap.
[2019.02.27-13.15.00:093][  0]LoadErrors: Error: /Game/Maps/TestMap/TestMap : Can't find file for asset. /Game/Materials/M_Red
[2019.02.27-13.15.00:110][  0]LogLinker: Warning: Can't find file '/Game/Maps/TestMap/TestMap_BuiltData'
[2019.02.27-13.15.00:110][  0]LogLinker: Warning: Can't find file for asset '/Game/Maps/TestMap/TestMap_BuiltData' while loading NULL.
[2019.02.27-13.15.00:110][  0]LogLinker: Warning: Can't find file '/Game/Materials/M_Blue'
[2019.02.27-13.15.00:110][  0]LogLinker: Warning: Can't find file for asset '/Game/Materials/M_Blue' while loading NULL.
[2019.02.27-13.15.00:111][  0]LogLinker: Warning: Can't find file '/Game/Materials/M_Red'
[2019.02.27-13.15.00:111][  0]LogLinker: Warning: Can't find file for asset '/Game/Materials/M_Red' while loading NULL.
[2019.02.27-13.15.00:111][  0]LogLinker: Warning: Can't find file '/Game/Maps/TestMap/TestMap_BuiltData'
[2019.02.27-13.15.00:111][  0]LogLinker: Warning: Can't find file for asset '/Game/Maps/TestMap/TestMap_BuiltData' while loading NULL.
[2019.02.27-13.15.00:111][  0]LogLinker: Warning: Can't find file '/Game/Materials/M_Blue'
[2019.02.27-13.15.00:111][  0]LogLinker: Warning: Can't find file for asset '/Game/Materials/M_Blue' while loading NULL.
[2019.02.27-13.15.00:111][  0]LogLinker: Warning: Can't find file '/Game/Materials/M_Red'
[2019.02.27-13.15.00:112][  0]LogLinker: Warning: Can't find file for asset '/Game/Materials/M_Red' while loading NULL.
[2019.02.27-13.15.00:152][  0]Error: CDO Constructor (Weapon): Failed to find /Game/Weapons/BP_ProjectileA.BP_ProjectileA_C

[2019.02.27-13.15.00:273][  0]LogLinker: Warning: Can't find file '/Game/Maps/TestMap/TestMap_BuiltData'
[2019.02.27-13.15.00:274][  0]LoadErrors: Failed to load /Game/Maps/TestMap/TestMap_BuiltData.TestMap_BuiltData Referenced by PersistentLevel
[2019.02.27-13.15.00:274][  0]LogLinker: Warning: Can't find file for asset '/Game/Maps/TestMap/TestMap_BuiltData' while loading NULL.
[2019.02.27-13.15.00:274][  0]LoadErrors: Failed to load /Game/Maps/TestMap/TestMap_BuiltData.TestMap_BuiltData Referenced by PersistentLevel
[2019.02.27-13.15.00:288][  0]LogLinker: Warning: Can't find file '/Game/Materials/M_Red'
[2019.02.27-13.15.00:288][  0]LoadErrors: Failed to load /Game/Materials/M_Red.M_Red Referenced by StaticMeshComponent0
[2019.02.27-13.15.00:288][  0]LogLinker: Warning: Can't find file for asset '/Game/Materials/M_Red' while loading NULL.
[2019.02.27-13.15.00:288][  0]LoadErrors: Failed to load /Game/Materials/M_Red.M_Red Referenced by StaticMeshComponent0
[2019.02.27-13.15.00:288][  0]LogLinker: Warning: Can't find file '/Game/Materials/M_Red'
[2019.02.27-13.15.00:289][  0]LoadErrors: Failed to load /Game/Materials/M_Red.M_Red Referenced by StaticMeshComponent0
[2019.02.27-13.15.00:289][  0]LogLinker: Warning: Can't find file for asset '/Game/Materials/M_Red' while loading NULL.
[2019.02.27-13.15.00:289][  0]LoadErrors: Failed to load /Game/Materials/M_Red.M_Red Referenced by StaticMeshComponent0
[2019.02.27-13.15.00:289][  0]LogLinker: Warning: Can't find file '/Game/Materials/M_Red'
[2019.02.27-13.15.00:289][  0]LoadErrors: Failed to load /Game/Materials/M_Red.M_Red Referenced by StaticMeshComponent0
[2019.02.27-13.15.00:289][  0]LogLinker: Warning: Can't find file for asset '/Game/Materials/M_Red' while loading NULL.
[2019.02.27-13.15.00:289][  0]LoadErrors: Failed to load /Game/Materials/M_Red.M_Red Referenced by StaticMeshComponent0
[2019.02.27-13.15.00:290][  0]LogLinker: Warning: Can't find file '/Game/Materials/M_Red'
[2019.02.27-13.15.00:290][  0]LoadErrors: Failed to load /Game/Materials/M_Red.M_Red Referenced by StaticMeshComponent0
[2019.02.27-13.15.00:290][  0]LogLinker: Warning: Can't find file for asset '/Game/Materials/M_Red' while loading NULL.
[2019.02.27-13.15.00:290][  0]LoadErrors: Failed to load /Game/Materials/M_Red.M_Red Referenced by StaticMeshComponent0
[2019.02.27-13.15.00:290][  0]LogLinker: Warning: Can't find file '/Game/Materials/M_Red'
[2019.02.27-13.15.00:290][  0]LoadErrors: Failed to load /Game/Materials/M_Red.M_Red Referenced by StaticMeshComponent0
[2019.02.27-13.15.00:291][  0]LogLinker: Warning: Can't find file for asset '/Game/Materials/M_Red' while loading NULL.
[2019.02.27-13.15.00:291][  0]LoadErrors: Failed to load /Game/Materials/M_Red.M_Red Referenced by StaticMeshComponent0
[2019.02.27-13.15.00:291][  0]LogLinker: Warning: Can't find file '/Game/Materials/M_Red'
[2019.02.27-13.15.00:291][  0]LoadErrors: Failed to load /Game/Materials/M_Red.M_Red Referenced by StaticMeshComponent0
[2019.02.27-13.15.00:291][  0]LogLinker: Warning: Can't find file for asset '/Game/Materials/M_Red' while loading NULL.
[2019.02.27-13.15.00:291][  0]LoadErrors: Failed to load /Game/Materials/M_Red.M_Red Referenced by StaticMeshComponent0
[2019.02.27-13.15.00:291][  0]LogLinker: Warning: Can't find file '/Game/Materials/M_Red'
[2019.02.27-13.15.00:291][  0]LoadErrors: Failed to load /Game/Materials/M_Red.M_Red Referenced by StaticMeshComponent0
[2019.02.27-13.15.00:291][  0]LogLinker: Warning: Can't find file for asset '/Game/Materials/M_Red' while loading NULL.
[2019.02.27-13.15.00:291][  0]LoadErrors: Failed to load /Game/Materials/M_Red.M_Red Referenced by StaticMeshComponent0
[2019.02.27-13.15.00:292][  0]LogLinker: Warning: Can't find file '/Game/Materials/M_Blue'
[2019.02.27-13.15.00:292][  0]LoadErrors: Failed to load /Game/Materials/M_Blue.M_Blue Referenced by StaticMeshComponent0
[2019.02.27-13.15.00:292][  0]LogLinker: Warning: Can't find file for asset '/Game/Materials/M_Blue' while loading NULL.
[2019.02.27-13.15.00:292][  0]LoadErrors: Failed to load /Game/Materials/M_Blue.M_Blue Referenced by StaticMeshComponent0
[2019.02.27-13.15.00:292][  0]LogLinker: Warning: Can't find file '/Game/Materials/M_Blue'
[2019.02.27-13.15.00:292][  0]LoadErrors: Failed to load /Game/Materials/M_Blue.M_Blue Referenced by StaticMeshComponent0
[2019.02.27-13.15.00:292][  0]LogLinker: Warning: Can't find file for asset '/Game/Materials/M_Blue' while loading NULL.
[2019.02.27-13.15.00:292][  0]LoadErrors: Failed to load /Game/Materials/M_Blue.M_Blue Referenced by StaticMeshComponent0
[2019.02.27-13.15.00:292][  0]LogLinker: Warning: Can't find file '/Game/Materials/M_Blue'
[2019.02.27-13.15.00:292][  0]LoadErrors: Failed to load /Game/Materials/M_Blue.M_Blue Referenced by StaticMeshComponent0
[2019.02.27-13.15.00:292][  0]LogLinker: Warning: Can't find file for asset '/Game/Materials/M_Blue' while loading NULL.
[2019.02.27-13.15.00:292][  0]LoadErrors: Failed to load /Game/Materials/M_Blue.M_Blue Referenced by StaticMeshComponent0
[2019.02.27-13.15.00:293][  0]LogLinker: Warning: Can't find file '/Game/Materials/M_Blue'
[2019.02.27-13.15.00:293][  0]LoadErrors: Failed to load /Game/Materials/M_Blue.M_Blue Referenced by StaticMeshComponent0
[2019.02.27-13.15.00:293][  0]LogLinker: Warning: Can't find file for asset '/Game/Materials/M_Blue' while loading NULL.
[2019.02.27-13.15.00:293][  0]LoadErrors: Failed to load /Game/Materials/M_Blue.M_Blue Referenced by StaticMeshComponent0
[2019.02.27-13.15.00:293][  0]LogLinker: Warning: Can't find file '/Game/Materials/M_Red'
[2019.02.27-13.15.00:293][  0]LoadErrors: Failed to load /Game/Materials/M_Red.M_Red Referenced by StaticMeshComponent0
[2019.02.27-13.15.00:293][  0]LogLinker: Warning: Can't find file for asset '/Game/Materials/M_Red' while loading NULL.
[2019.02.27-13.15.00:293][  0]LoadErrors: Failed to load /Game/Materials/M_Red.M_Red Referenced by StaticMeshComponent0
[2019.02.27-13.15.00:293][  0]LogLinker: Warning: Can't find file '/Game/Materials/M_Red'
[2019.02.27-13.15.00:293][  0]LoadErrors: Failed to load /Game/Materials/M_Red.M_Red Referenced by StaticMeshComponent0
[2019.02.27-13.15.00:293][  0]LogLinker: Warning: Can't find file for asset '/Game/Materials/M_Red' while loading NULL.
[2019.02.27-13.15.00:293][  0]LoadErrors: Failed to load /Game/Materials/M_Red.M_Red Referenced by StaticMeshComponent0
[2019.02.27-13.15.00:294][  0]LogLinker: Warning: Can't find file '/Game/Materials/M_Blue'
[2019.02.27-13.15.00:294][  0]LoadErrors: Failed to load /Game/Materials/M_Blue.M_Blue Referenced by StaticMeshComponent0
[2019.02.27-13.15.00:295][  0]LogLinker: Warning: Can't find file for asset '/Game/Materials/M_Blue' while loading NULL.
[2019.02.27-13.15.00:295][  0]LoadErrors: Failed to load /Game/Materials/M_Blue.M_Blue Referenced by StaticMeshComponent0
[2019.02.27-13.15.00:903][  0]LogAIModule: Creating AISystem for world TestMap
[2019.02.27-13.15.02:231][  0]LogEditorServer: Finished looking for orphan Actors (0.000 secs)
[2019.02.27-13.15.02:294][  0]Cmd: MAP CHECKDEP NOCLEARLOG
[2019.02.27-13.15.02:295][  0]MapCheck: Map check complete: 0 Error(s), 0 Warning(s), took 0.483ms to complete.
[2019.02.27-13.15.02:295][  0]LogFileHelpers: Loading map 'TestMap' took 2.565
[2019.02.27-13.15.02:581][  0]LogSourceControl: Attempting 'p4 client -o UE_G4_Perforce'
[2019.02.27-13.15.02:581][  0]LogSlate: Updating window title bar state: overlay mode, drag disabled, window buttons hidden, title bar hidden
[2019.02.27-13.15.02:681][  0]LogSlate: Updating window title bar state: overlay mode, drag disabled, window buttons hidden, title bar hidden
[2019.02.27-13.15.02:751][  0]LogSlate: Updating window title bar state: overlay mode, drag disabled, window buttons hidden, title bar hidden
[2019.02.27-13.15.02:771][  0]LogSlate: Updating window title bar state: overlay mode, drag disabled, window buttons hidden, title bar hidden
[2019.02.27-13.15.02:816][  0]LogCollectionManager: Loaded 0 collections in 0.002157 seconds
[2019.02.27-13.15.02:874][  0]LogFileCache: Scanning file cache for directory 'D:/Proyectos/Unreal/Git/tualiens/Twaliens/Saved/Collections/' took 0.01s
[2019.02.27-13.15.02:874][  0]LogFileCache: Scanning file cache for directory 'D:/Proyectos/Unreal/Git/tualiens/Twaliens/Content/Developers/davir/Collections/' took 0.01s
[2019.02.27-13.15.02:874][  0]LogFileCache: Scanning file cache for directory 'D:/Proyectos/Unreal/Git/tualiens/Twaliens/Content/Collections/' took 0.00s
[2019.02.27-13.15.02:874][  0]LogCollectionManager: Rebuilt the GUID cache for 0 collections in 0.000000 seconds
[2019.02.27-13.15.02:896][  0]LogContentBrowser: Native class hierarchy populated in 0.0200 seconds. Added 2667 classes and 622 folders.
[2019.02.27-13.15.02:919][  0]LogContentBrowser: Native class hierarchy updated for 'WidgetCarousel' in 0.0008 seconds. Added 0 classes and 0 folders.
[2019.02.27-13.15.02:947][  0]LogPakFile: Registered encryption key '00000000000000000000000000000000': 0 pak files mounted, 0 remain pending
[2019.02.27-13.15.02:963][  0]LogPakFile: Registered encryption key '00000000000000000000000000000000': 0 pak files mounted, 0 remain pending
[2019.02.27-13.15.03:004][  0]LogPakFile: Registered encryption key '00000000000000000000000000000000': 0 pak files mounted, 0 remain pending
[2019.02.27-13.15.03:022][  0]LogPakFile: Registered encryption key '00000000000000000000000000000000': 0 pak files mounted, 0 remain pending
[2019.02.27-13.15.03:031][  0]LogPakFile: Registered encryption key '00000000000000000000000000000000': 0 pak files mounted, 0 remain pending
[2019.02.27-13.15.03:040][  0]LogPakFile: Registered encryption key '00000000000000000000000000000000': 0 pak files mounted, 0 remain pending
[2019.02.27-13.15.03:048][  0]LogPakFile: Registered encryption key '00000000000000000000000000000000': 0 pak files mounted, 0 remain pending
[2019.02.27-13.15.03:056][  0]LogPakFile: Registered encryption key '00000000000000000000000000000000': 0 pak files mounted, 0 remain pending
[2019.02.27-13.15.03:066][  0]LogPakFile: Registered encryption key '00000000000000000000000000000000': 0 pak files mounted, 0 remain pending
[2019.02.27-13.15.03:077][  0]LogPakFile: Registered encryption key '00000000000000000000000000000000': 0 pak files mounted, 0 remain pending
[2019.02.27-13.15.03:086][  0]LogPakFile: Registered encryption key '00000000000000000000000000000000': 0 pak files mounted, 0 remain pending
[2019.02.27-13.15.03:094][  0]LogPakFile: Registered encryption key '00000000000000000000000000000000': 0 pak files mounted, 0 remain pending
[2019.02.27-13.15.03:103][  0]LogPakFile: Registered encryption key '00000000000000000000000000000000': 0 pak files mounted, 0 remain pending
[2019.02.27-13.15.03:111][  0]LogPakFile: Registered encryption key '00000000000000000000000000000000': 0 pak files mounted, 0 remain pending
[2019.02.27-13.15.03:119][  0]LogPakFile: Registered encryption key '00000000000000000000000000000000': 0 pak files mounted, 0 remain pending
[2019.02.27-13.15.03:128][  0]LogPakFile: Registered encryption key '00000000000000000000000000000000': 0 pak files mounted, 0 remain pending
[2019.02.27-13.15.03:188][  0]LogPakFile: Registered encryption key '00000000000000000000000000000000': 0 pak files mounted, 0 remain pending
[2019.02.27-13.15.03:198][  0]LogPakFile: Registered encryption key '00000000000000000000000000000000': 0 pak files mounted, 0 remain pending
[2019.02.27-13.15.03:207][  0]LogPakFile: Registered encryption key '00000000000000000000000000000000': 0 pak files mounted, 0 remain pending
[2019.02.27-13.15.03:217][  0]LogPakFile: Registered encryption key '00000000000000000000000000000000': 0 pak files mounted, 0 remain pending
[2019.02.27-13.15.03:296][  0]LogPakFile: Registered encryption key '00000000000000000000000000000000': 0 pak files mounted, 0 remain pending
[2019.02.27-13.15.03:305][  0]LogPakFile: Registered encryption key '00000000000000000000000000000000': 0 pak files mounted, 0 remain pending
[2019.02.27-13.15.03:315][  0]LogPakFile: Registered encryption key '00000000000000000000000000000000': 0 pak files mounted, 0 remain pending
[2019.02.27-13.15.03:325][  0]LogPakFile: Registered encryption key '00000000000000000000000000000000': 0 pak files mounted, 0 remain pending
[2019.02.27-13.15.03:333][  0]LogPakFile: Registered encryption key '00000000000000000000000000000000': 0 pak files mounted, 0 remain pending
[2019.02.27-13.15.03:341][  0]LogPakFile: Registered encryption key '00000000000000000000000000000000': 0 pak files mounted, 0 remain pending
[2019.02.27-13.15.03:608][  0]LogContentBrowser: Native class hierarchy updated for 'AddContentDialog' in 0.0006 seconds. Added 0 classes and 0 folders.
[2019.02.27-13.15.03:652][  0]LogUObjectBase: Warning: -------------- Default Property warnings and errors:
[2019.02.27-13.15.03:652][  0]LogUObjectBase: Warning: Error: CDO Constructor (Weapon): Failed to find /Game/Weapons/BP_ProjectileA.BP_ProjectileA_C

[2019.02.27-13.15.03:696][  0]LogSlate: Took 0.007339 seconds to synchronously load lazily loaded font '../../../Engine/Content/Slate/Fonts/Roboto-Regular.ttf' (155K)
[2019.02.27-13.15.26:241][  0]LogSlate: Window 'Message' being destroyed
[2019.02.27-13.15.26:243][  0]LogWindowsTextInputMethodSystem: Display: IME system now deactivated.
[2019.02.27-13.15.26:254][  0]LogContentBrowser: Native class hierarchy updated for 'SceneOutliner' in 0.0008 seconds. Added 1 classes and 2 folders.
[2019.02.27-13.15.26:347][  0]LogWindowsTextInputMethodSystem: Display: IME system now deactivated.
[2019.02.27-13.15.26:359][  0]LogSlate: Took 0.008688 seconds to synchronously load lazily loaded font '../../../Engine/Content/Slate/Fonts/Roboto-Bold.ttf' (160K)
[2019.02.27-13.15.26:386][  0]LogSlate: Took 0.011627 seconds to synchronously load lazily loaded font '../../../Engine/Content/Editor/Slate/Fonts/FontAwesome.ttf' (139K)
[2019.02.27-13.15.26:397][  0]LogSlate: Took 0.009664 seconds to synchronously load lazily loaded font '../../../Engine/Content/Slate/Fonts/DroidSansMono.ttf' (77K)
[2019.02.27-13.15.26:697][  0]LogRenderer: Reallocating scene render targets to support 1176x688 Format 10 NumSamples 1 (Frame:1).
[2019.02.27-13.15.26:990][  0]LogContentBrowser: Native class hierarchy updated for 'HierarchicalLODOutliner' in 0.0005 seconds. Added 0 classes and 0 folders.
[2019.02.27-13.15.26:991][  0]LogLoad: (Engine Initialization) Total time: 117.45 seconds
[2019.02.27-13.15.26:991][  0]LogLoad: (Engine Initialization) Total Blueprint compile time: 0.00 seconds
[2019.02.27-13.15.27:099][  0]SourceControl: Error: Perforce password (P4PASSWD) invalid or unset.

[2019.02.27-13.15.27:102][  0]LogContentStreaming: Texture pool size now 1000 MB
[2019.02.27-13.15.27:587][  3]LogAssetRegistry: Asset discovery search completed in 101.5304 seconds
[2019.02.27-13.15.27:598][  3]LogCollectionManager: Rebuilt the object cache for 0 collections in 0.000040 seconds (found 0 objects)
[2019.02.27-13.15.27:598][  3]LogCollectionManager: Fixed up redirectors for 0 collections in 0.000917 seconds (updated 0 objects)
[2019.02.27-13.15.28:075][ 28]LogSlate: Took 0.009159 seconds to synchronously load lazily loaded font '../../../Engine/Content/Slate/Fonts/Roboto-Light.ttf' (167K)
[2019.02.27-13.19.47:350][705]LogSlate: FSceneViewport::OnFocusLost() reason 0
[2019.02.27-13.19.47:653][725]Candidate modules for hot reload:
[2019.02.27-13.19.47:653][725]  Twaliens
[2019.02.27-13.19.47:655][725]Launching UnrealBuildTool... [D:/Engine/UE_4.21/Engine/Binaries/DotNET/UnrealBuildTool.exe  -ModuleWithSuffix=Twaliens,2612 Win64 Development -TargetType=Editor -Project="../../../../../Proyectos/Unreal/Git/tualiens/Twaliens/Twaliens.uproject" -canskiplink "D:/Proyectos/Unreal/Git/tualiens/Twaliens/Twaliens.uproject" ]
[2019.02.27-13.19.47:801][725]Warning: Starting HotReload took  0.2s.
[2019.02.27-13.21.47:457][243]CompilerResultsLog: New page: Compilation - Feb 27, 2019, 3:21:47 PM
[2019.02.27-13.21.47:458][243]CompilerResultsLog: Using 'git status' to determine working set for adaptive non-unity build (D:\Proyectos\Unreal\Git\tualiens).
[2019.02.27-13.21.47:459][243]CompilerResultsLog: Creating makefile for hot reloading TwaliensEditor (.uproject file is newer)
[2019.02.27-13.21.47:459][243]CompilerResultsLog: Compiling game modules for hot reload
[2019.02.27-13.21.47:459][243]CompilerResultsLog: Using Visual Studio 2017 14.16.27023 toolchain (C:\Program Files (x86)\Microsoft Visual Studio\2017\Community\VC\Tools\MSVC\14.16.27023) and Windows 10.0.16299.0 SDK (C:\Program Files (x86)\Windows Kits\10).
[2019.02.27-13.21.47:460][243]CompilerResultsLog: Target is up to date
[2019.02.27-13.21.47:460][243]CompilerResultsLog: Total build time: 118,83 seconds (NoActionsToExecute executor: 0,00 seconds)
[2019.02.27-13.21.47:461][243]LogMainFrame: MainFrame: Module compiling took 119.818 seconds
[2019.02.27-13.21.47:518][243]LogContentBrowser: Native class hierarchy populated in 0.0162 seconds. Added 2668 classes and 624 folders.
[2019.02.27-13.21.47:519][243]Display: HotReload took 120.0s.
[2019.02.27-13.27.26:307][ 76]LogAudio: Warning: Current Audio Device with ID {0.0.0.00000000}.{f04b83ee-af13-4742-900b-c9f7d760e11a} was removed. Shutting down audio device.
[2019.02.27-13.27.26:310][ 76]LogInit: XAudio2 using 'Altavoces (Realtek High Definition Audio)' : 2 channels at 48 kHz using 32 bits per sample (channel mask 0x3)
[2019.02.27-13.30.31:733][631]LogInit: XAudio2 using 'Altavoces (2- USB PnP Sound Device)' : 2 channels at 48 kHz using 16 bits per sample (channel mask 0x3)
[2019.02.27-13.30.32:035][632]LogInit: XAudio2 using 'Altavoces (2- USB PnP Sound Device)' : 2 channels at 48 kHz using 16 bits per sample (channel mask 0x3)
